src/pipe/p2/p2resort.h
src/pipe/p2/p2macros.h
src/pipe/p2/p2heap.h
src/pipe/p2/p2dep.h
src/pipe/p2/p2core.h
src/pipe/p2/d3d8/nodeD3D8SubmitNoLight.h
src/pipe/p2/p2define.h
src/pipe/p2/p2altmdl.h
driver/d3d8/d3d8texdic.h
driver/d3d8/d3d8rendst.h
driver/d3d8/d3d8raster.h
driver/d3d8/d3d8device.h
driver/d3d8/d3d8convrt.h
driver/d3d8/d3d82drend.h
driver/common/ssematml.h
driver/common/cpuext.h
src/baraster.h
driver/d3d8/drvmodel.h
src/pipe/p2/d3d8/pip2model.h
src/pipe/p2/p2renderstate.h
src/baimage.h
driver/common/palquant.h
src/batextur.h
src/pipe/p2/p2stdcls.h
src/pipe/p2/baim3d.h
src/pipe/p2/d3d8/im3dpipe.h
driver/d3d8/d3d8dxttex.h
driver/d3d8/drvfns.h
src/baresamp.h
src/baimras.h
src/baframe.h
src/batypehf.h
src/basync.h
src/babintex.h
src/babinfrm.h
src/babbox.h
src/bacamera.h
src/bacamval.h
src/pipe/p2/bapipe.h
src/babincam.h