os/win/ostypes.h
src/plcore/bamath.h
src/plcore/batypes.h
src/plcore/batype.h
os/win/osintf.h
src/plcore/rwdbgerr.h
src/plcore/resmem.h
src/plcore/bamemory.h
src/plcore/bastream.h
src/plcore/rwstring.h
src/plcore/rwgrp.h
src/plcore/batkreg.h
src/plcore/batkbin.h
src/plcore/bamatrix.h
driver/d3d8/drvmodel.h
src/plcore/bavector.h
src/plcore/balist.h
src/plcore/bafsys.h
src/plcore/baimmedi.h
src/plcore/badevice.h
src/plcore/baerr.h
src/plcore/badebug.h
src/plcore/balibtyp.h
src/plcore/baresour.h
src/plcore/bacolor.h
src/plcore/babinmtx.h
src/plcore/babinary.h